<?xml version="1.0" encoding="UTF-8"?>
<!-- Generated by org.testng.reporters.JUnitReportReporter -->
<testsuite skipped="0" hostname="fa221923730e" name="com.searchmodule.tests.SearchTest" tests="4" failures="0" timestamp="22 Jun 2023 10:54:45 GMT" time="94.828" errors="0">
  <testcase name="search" time="21.171" classname="com.searchmodule.tests.SearchTest"/>
  <testcase name="search" time="19.835" classname="com.searchmodule.tests.SearchTest"/>
  <testcase name="search" time="21.943" classname="com.searchmodule.tests.SearchTest"/>
  <testcase name="search" time="31.879" classname="com.searchmodule.tests.SearchTest"/>
</testsuite> <!-- com.searchmodule.tests.SearchTest -->
