<?xml version="1.0" encoding="UTF-8"?>
<!-- Generated by org.testng.reporters.JUnitReportReporter -->
<testsuite skipped="0" hostname="514d92b239bb" name="com.searchmodule.tests.SearchTest" tests="4" failures="0" timestamp="22 Jun 2023 10:57:15 GMT" time="126.535" errors="0">
  <testcase name="search" time="21.126" classname="com.searchmodule.tests.SearchTest"/>
  <testcase name="search" time="31.020" classname="com.searchmodule.tests.SearchTest"/>
  <testcase name="search" time="39.430" classname="com.searchmodule.tests.SearchTest"/>
  <testcase name="search" time="34.959" classname="com.searchmodule.tests.SearchTest"/>
</testsuite> <!-- com.searchmodule.tests.SearchTest -->
